<?xml version="1.0" encoding="UTF-8"?>
<testsuite xmlns:xsi="http://www.w3.org/2001/XMLSchema-instance" xsi:noNamespaceSchemaLocation="https://maven.apache.org/surefire/maven-surefire-plugin/xsd/surefire-test-report.xsd" name="TestSuite" time="129.507" tests="4" errors="0" skipped="1" failures="3">
  <properties>
    <property name="java.specification.version" value="18"/>
    <property name="sun.jnu.encoding" value="UTF-8"/>
    <property name="java.class.path" value="/Users/pratik/Downloads/testng-appium-app-browserstack 3/ios/testng-examples/target/test-classes:/Users/pratik/Downloads/testng-appium-app-browserstack 3/ios/testng-examples/target/classes:/Users/pratik/.m2/repository/org/testng/testng/6.9.10/testng-6.9.10.jar:/Users/pratik/.m2/repository/com/beust/jcommander/1.48/jcommander-1.48.jar:/Users/pratik/.m2/repository/org/beanshell/bsh/2.0b4/bsh-2.0b4.jar:/Users/pratik/.m2/repository/io/appium/java-client/7.0.0/java-client-7.0.0.jar:/Users/pratik/.m2/repository/org/seleniumhq/selenium/selenium-support/3.141.59/selenium-support-3.141.59.jar:/Users/pratik/.m2/repository/org/seleniumhq/selenium/selenium-api/3.141.59/selenium-api-3.141.59.jar:/Users/pratik/.m2/repository/com/google/code/gson/gson/2.8.5/gson-2.8.5.jar:/Users/pratik/.m2/repository/org/apache/httpcomponents/httpclient/4.5.6/httpclient-4.5.6.jar:/Users/pratik/.m2/repository/org/apache/httpcomponents/httpcore/4.4.10/httpcore-4.4.10.jar:/Users/pratik/.m2/repository/commons-logging/commons-logging/1.2/commons-logging-1.2.jar:/Users/pratik/.m2/repository/commons-codec/commons-codec/1.10/commons-codec-1.10.jar:/Users/pratik/.m2/repository/cglib/cglib/3.2.8/cglib-3.2.8.jar:/Users/pratik/.m2/repository/org/ow2/asm/asm/6.2.1/asm-6.2.1.jar:/Users/pratik/.m2/repository/org/apache/ant/ant/1.10.3/ant-1.10.3.jar:/Users/pratik/.m2/repository/org/apache/ant/ant-launcher/1.10.3/ant-launcher-1.10.3.jar:/Users/pratik/.m2/repository/commons-validator/commons-validator/1.6/commons-validator-1.6.jar:/Users/pratik/.m2/repository/commons-beanutils/commons-beanutils/1.9.2/commons-beanutils-1.9.2.jar:/Users/pratik/.m2/repository/commons-digester/commons-digester/1.8.1/commons-digester-1.8.1.jar:/Users/pratik/.m2/repository/commons-collections/commons-collections/3.2.2/commons-collections-3.2.2.jar:/Users/pratik/.m2/repository/org/apache/commons/commons-lang3/3.8/commons-lang3-3.8.jar:/Users/pratik/.m2/repository/org/springframework/spring-context/5.1.0.RELEASE/spring-context-5.1.0.RELEASE.jar:/Users/pratik/.m2/repository/org/springframework/spring-aop/5.1.0.RELEASE/spring-aop-5.1.0.RELEASE.jar:/Users/pratik/.m2/repository/org/springframework/spring-beans/5.1.0.RELEASE/spring-beans-5.1.0.RELEASE.jar:/Users/pratik/.m2/repository/org/springframework/spring-core/5.1.0.RELEASE/spring-core-5.1.0.RELEASE.jar:/Users/pratik/.m2/repository/org/springframework/spring-jcl/5.1.0.RELEASE/spring-jcl-5.1.0.RELEASE.jar:/Users/pratik/.m2/repository/org/springframework/spring-expression/5.1.0.RELEASE/spring-expression-5.1.0.RELEASE.jar:/Users/pratik/.m2/repository/org/aspectj/aspectjweaver/1.9.1/aspectjweaver-1.9.1.jar:/Users/pratik/.m2/repository/org/slf4j/slf4j-api/1.7.25/slf4j-api-1.7.25.jar:/Users/pratik/.m2/repository/commons-io/commons-io/1.3.2/commons-io-1.3.2.jar:/Users/pratik/.m2/repository/org/seleniumhq/selenium/selenium-java/3.141.59/selenium-java-3.141.59.jar:/Users/pratik/.m2/repository/org/seleniumhq/selenium/selenium-chrome-driver/3.141.59/selenium-chrome-driver-3.141.59.jar:/Users/pratik/.m2/repository/org/seleniumhq/selenium/selenium-edge-driver/3.141.59/selenium-edge-driver-3.141.59.jar:/Users/pratik/.m2/repository/org/seleniumhq/selenium/selenium-firefox-driver/3.141.59/selenium-firefox-driver-3.141.59.jar:/Users/pratik/.m2/repository/org/seleniumhq/selenium/selenium-ie-driver/3.141.59/selenium-ie-driver-3.141.59.jar:/Users/pratik/.m2/repository/org/seleniumhq/selenium/selenium-opera-driver/3.141.59/selenium-opera-driver-3.141.59.jar:/Users/pratik/.m2/repository/org/seleniumhq/selenium/selenium-remote-driver/3.141.59/selenium-remote-driver-3.141.59.jar:/Users/pratik/.m2/repository/org/seleniumhq/selenium/selenium-safari-driver/3.141.59/selenium-safari-driver-3.141.59.jar:/Users/pratik/.m2/repository/net/bytebuddy/byte-buddy/1.8.15/byte-buddy-1.8.15.jar:/Users/pratik/.m2/repository/org/apache/commons/commons-exec/1.3/commons-exec-1.3.jar:/Users/pratik/.m2/repository/com/google/guava/guava/25.0-jre/guava-25.0-jre.jar:/Users/pratik/.m2/repository/com/google/code/findbugs/jsr305/1.3.9/jsr305-1.3.9.jar:/Users/pratik/.m2/repository/org/checkerframework/checker-compat-qual/2.0.0/checker-compat-qual-2.0.0.jar:/Users/pratik/.m2/repository/com/google/errorprone/error_prone_annotations/2.1.3/error_prone_annotations-2.1.3.jar:/Users/pratik/.m2/repository/com/google/j2objc/j2objc-annotations/1.1/j2objc-annotations-1.1.jar:/Users/pratik/.m2/repository/org/codehaus/mojo/animal-sniffer-annotations/1.14/animal-sniffer-annotations-1.14.jar:/Users/pratik/.m2/repository/com/squareup/okhttp3/okhttp/3.11.0/okhttp-3.11.0.jar:/Users/pratik/.m2/repository/com/squareup/okio/okio/1.14.0/okio-1.14.0.jar:/Users/pratik/.m2/repository/com/browserstack/browserstack-local-java/1.0.3/browserstack-local-java-1.0.3.jar:/Users/pratik/.m2/repository/org/json/json/20160212/json-20160212.jar:/Users/pratik/.m2/repository/com/googlecode/json-simple/json-simple/1.1.1/json-simple-1.1.1.jar:/Users/pratik/.m2/repository/junit/junit/4.10/junit-4.10.jar:/Users/pratik/.m2/repository/org/hamcrest/hamcrest-core/1.1/hamcrest-core-1.1.jar:"/>
    <property name="java.vm.vendor" value="Homebrew"/>
    <property name="sun.arch.data.model" value="64"/>
    <property name="java.vendor.url" value="https://github.com/Homebrew/homebrew-core/issues"/>
    <property name="os.name" value="Mac OS X"/>
    <property name="java.vm.specification.version" value="18"/>
    <property name="sun.java.launcher" value="SUN_STANDARD"/>
    <property name="user.country" value="IN"/>
    <property name="sun.boot.library.path" value="/opt/homebrew/Cellar/openjdk/18.0.2/libexec/openjdk.jdk/Contents/Home/lib"/>
    <property name="sun.java.command" value="/Users/pratik/Downloads/testng-appium-app-browserstack 3/ios/testng-examples/target/surefire/surefirebooter3743988994543775030.jar /Users/pratik/Downloads/testng-appium-app-browserstack 3/ios/testng-examples/target/surefire 2023-02-15T14-00-07_491-jvmRun1 surefire1439772683984808789tmp surefire_09975530013010236149tmp"/>
    <property name="jdk.debug" value="release"/>
    <property name="surefire.test.class.path" value="/Users/pratik/Downloads/testng-appium-app-browserstack 3/ios/testng-examples/target/test-classes:/Users/pratik/Downloads/testng-appium-app-browserstack 3/ios/testng-examples/target/classes:/Users/pratik/.m2/repository/org/testng/testng/6.9.10/testng-6.9.10.jar:/Users/pratik/.m2/repository/com/beust/jcommander/1.48/jcommander-1.48.jar:/Users/pratik/.m2/repository/org/beanshell/bsh/2.0b4/bsh-2.0b4.jar:/Users/pratik/.m2/repository/io/appium/java-client/7.0.0/java-client-7.0.0.jar:/Users/pratik/.m2/repository/org/seleniumhq/selenium/selenium-support/3.141.59/selenium-support-3.141.59.jar:/Users/pratik/.m2/repository/org/seleniumhq/selenium/selenium-api/3.141.59/selenium-api-3.141.59.jar:/Users/pratik/.m2/repository/com/google/code/gson/gson/2.8.5/gson-2.8.5.jar:/Users/pratik/.m2/repository/org/apache/httpcomponents/httpclient/4.5.6/httpclient-4.5.6.jar:/Users/pratik/.m2/repository/org/apache/httpcomponents/httpcore/4.4.10/httpcore-4.4.10.jar:/Users/pratik/.m2/repository/commons-logging/commons-logging/1.2/commons-logging-1.2.jar:/Users/pratik/.m2/repository/commons-codec/commons-codec/1.10/commons-codec-1.10.jar:/Users/pratik/.m2/repository/cglib/cglib/3.2.8/cglib-3.2.8.jar:/Users/pratik/.m2/repository/org/ow2/asm/asm/6.2.1/asm-6.2.1.jar:/Users/pratik/.m2/repository/org/apache/ant/ant/1.10.3/ant-1.10.3.jar:/Users/pratik/.m2/repository/org/apache/ant/ant-launcher/1.10.3/ant-launcher-1.10.3.jar:/Users/pratik/.m2/repository/commons-validator/commons-validator/1.6/commons-validator-1.6.jar:/Users/pratik/.m2/repository/commons-beanutils/commons-beanutils/1.9.2/commons-beanutils-1.9.2.jar:/Users/pratik/.m2/repository/commons-digester/commons-digester/1.8.1/commons-digester-1.8.1.jar:/Users/pratik/.m2/repository/commons-collections/commons-collections/3.2.2/commons-collections-3.2.2.jar:/Users/pratik/.m2/repository/org/apache/commons/commons-lang3/3.8/commons-lang3-3.8.jar:/Users/pratik/.m2/repository/org/springframework/spring-context/5.1.0.RELEASE/spring-context-5.1.0.RELEASE.jar:/Users/pratik/.m2/repository/org/springframework/spring-aop/5.1.0.RELEASE/spring-aop-5.1.0.RELEASE.jar:/Users/pratik/.m2/repository/org/springframework/spring-beans/5.1.0.RELEASE/spring-beans-5.1.0.RELEASE.jar:/Users/pratik/.m2/repository/org/springframework/spring-core/5.1.0.RELEASE/spring-core-5.1.0.RELEASE.jar:/Users/pratik/.m2/repository/org/springframework/spring-jcl/5.1.0.RELEASE/spring-jcl-5.1.0.RELEASE.jar:/Users/pratik/.m2/repository/org/springframework/spring-expression/5.1.0.RELEASE/spring-expression-5.1.0.RELEASE.jar:/Users/pratik/.m2/repository/org/aspectj/aspectjweaver/1.9.1/aspectjweaver-1.9.1.jar:/Users/pratik/.m2/repository/org/slf4j/slf4j-api/1.7.25/slf4j-api-1.7.25.jar:/Users/pratik/.m2/repository/commons-io/commons-io/1.3.2/commons-io-1.3.2.jar:/Users/pratik/.m2/repository/org/seleniumhq/selenium/selenium-java/3.141.59/selenium-java-3.141.59.jar:/Users/pratik/.m2/repository/org/seleniumhq/selenium/selenium-chrome-driver/3.141.59/selenium-chrome-driver-3.141.59.jar:/Users/pratik/.m2/repository/org/seleniumhq/selenium/selenium-edge-driver/3.141.59/selenium-edge-driver-3.141.59.jar:/Users/pratik/.m2/repository/org/seleniumhq/selenium/selenium-firefox-driver/3.141.59/selenium-firefox-driver-3.141.59.jar:/Users/pratik/.m2/repository/org/seleniumhq/selenium/selenium-ie-driver/3.141.59/selenium-ie-driver-3.141.59.jar:/Users/pratik/.m2/repository/org/seleniumhq/selenium/selenium-opera-driver/3.141.59/selenium-opera-driver-3.141.59.jar:/Users/pratik/.m2/repository/org/seleniumhq/selenium/selenium-remote-driver/3.141.59/selenium-remote-driver-3.141.59.jar:/Users/pratik/.m2/repository/org/seleniumhq/selenium/selenium-safari-driver/3.141.59/selenium-safari-driver-3.141.59.jar:/Users/pratik/.m2/repository/net/bytebuddy/byte-buddy/1.8.15/byte-buddy-1.8.15.jar:/Users/pratik/.m2/repository/org/apache/commons/commons-exec/1.3/commons-exec-1.3.jar:/Users/pratik/.m2/repository/com/google/guava/guava/25.0-jre/guava-25.0-jre.jar:/Users/pratik/.m2/repository/com/google/code/findbugs/jsr305/1.3.9/jsr305-1.3.9.jar:/Users/pratik/.m2/repository/org/checkerframework/checker-compat-qual/2.0.0/checker-compat-qual-2.0.0.jar:/Users/pratik/.m2/repository/com/google/errorprone/error_prone_annotations/2.1.3/error_prone_annotations-2.1.3.jar:/Users/pratik/.m2/repository/com/google/j2objc/j2objc-annotations/1.1/j2objc-annotations-1.1.jar:/Users/pratik/.m2/repository/org/codehaus/mojo/animal-sniffer-annotations/1.14/animal-sniffer-annotations-1.14.jar:/Users/pratik/.m2/repository/com/squareup/okhttp3/okhttp/3.11.0/okhttp-3.11.0.jar:/Users/pratik/.m2/repository/com/squareup/okio/okio/1.14.0/okio-1.14.0.jar:/Users/pratik/.m2/repository/com/browserstack/browserstack-local-java/1.0.3/browserstack-local-java-1.0.3.jar:/Users/pratik/.m2/repository/org/json/json/20160212/json-20160212.jar:/Users/pratik/.m2/repository/com/googlecode/json-simple/json-simple/1.1.1/json-simple-1.1.1.jar:/Users/pratik/.m2/repository/junit/junit/4.10/junit-4.10.jar:/Users/pratik/.m2/repository/org/hamcrest/hamcrest-core/1.1/hamcrest-core-1.1.jar:"/>
    <property name="sun.cpu.endian" value="little"/>
    <property name="user.home" value="/Users/pratik"/>
    <property name="user.language" value="en"/>
    <property name="java.specification.vendor" value="Oracle Corporation"/>
    <property name="java.version.date" value="2022-07-19"/>
    <property name="java.home" value="/opt/homebrew/Cellar/openjdk/18.0.2/libexec/openjdk.jdk/Contents/Home"/>
    <property name="file.separator" value="/"/>
    <property name="basedir" value="/Users/pratik/Downloads/testng-appium-app-browserstack 3/ios/testng-examples"/>
    <property name="java.vm.compressedOopsMode" value="Zero based"/>
    <property name="line.separator" value="&#10;"/>
    <property name="java.vm.specification.vendor" value="Oracle Corporation"/>
    <property name="java.specification.name" value="Java Platform API Specification"/>
    <property name="apple.awt.application.name" value="ForkedBooter"/>
    <property name="surefire.real.class.path" value="/Users/pratik/Downloads/testng-appium-app-browserstack 3/ios/testng-examples/target/surefire/surefirebooter3743988994543775030.jar"/>
    <property name="sun.management.compiler" value="HotSpot 64-Bit Tiered Compilers"/>
    <property name="java.runtime.version" value="18.0.2+0"/>
    <property name="user.name" value="pratik"/>
    <property name="path.separator" value=":"/>
    <property name="os.version" value="13.1"/>
    <property name="java.runtime.name" value="OpenJDK Runtime Environment"/>
    <property name="file.encoding" value="UTF-8"/>
    <property name="java.vm.name" value="OpenJDK 64-Bit Server VM"/>
    <property name="java.vendor.version" value="Homebrew"/>
    <property name="localRepository" value="/Users/pratik/.m2/repository"/>
    <property name="java.vendor.url.bug" value="https://github.com/Homebrew/homebrew-core/issues"/>
    <property name="java.io.tmpdir" value="/var/folders/2f/0t0nhq9d36ndms74jp1n6yxr0000gp/T/"/>
    <property name="java.version" value="18.0.2"/>
    <property name="user.dir" value="/Users/pratik/Downloads/testng-appium-app-browserstack 3/ios/testng-examples"/>
    <property name="os.arch" value="aarch64"/>
    <property name="java.vm.specification.name" value="Java Virtual Machine Specification"/>
    <property name="native.encoding" value="UTF-8"/>
    <property name="java.library.path" value="/Users/pratik/Library/Java/Extensions:/Library/Java/Extensions:/Network/Library/Java/Extensions:/System/Library/Java/Extensions:/usr/lib/java:."/>
    <property name="java.vm.info" value="mixed mode, sharing"/>
    <property name="java.vendor" value="Homebrew"/>
    <property name="java.vm.version" value="18.0.2+0"/>
    <property name="sun.io.unicode.encoding" value="UnicodeBig"/>
    <property name="java.class.version" value="62.0"/>
  </properties>
  <testcase name="setUp" classname="com.browserstack.run_parallel_test.ParallelTest" time="0.123">
    <failure message="Index 1 out of bounds for length 1" type="java.lang.IndexOutOfBoundsException">java.lang.IndexOutOfBoundsException: Index 1 out of bounds for length 1
</failure>
  </testcase>
  <testcase name="test" classname="com.browserstack.run_parallel_test.ParallelTest" time="0">
    <skipped/>
  </testcase>
  <testcase name="test" classname="com.browserstack.run_parallel_test.ParallelTest" time="47.518">
    <failure message="An element could not be located on the page using the given search parameters.&#10;For documentation on this error, please visit: https://www.seleniumhq.org/exceptions/no_such_element.html&#10;Build info: version: &apos;3.141.59&apos;, revision: &apos;e82be7d358&apos;, time: &apos;2018-11-14T08:17:03&apos;&#10;System info: host: &apos;PratikThakur-FVFGWNTAQ05D&apos;, ip: &apos;2405:201:41:381d:b017:13df:bf3f:3a53%en0&apos;, os.name: &apos;Mac OS X&apos;, os.arch: &apos;aarch64&apos;, os.version: &apos;13.1&apos;, java.version: &apos;18.0.2&apos;&#10;Driver info: io.appium.java_client.ios.IOSDriver&#10;Capabilities {automationName: XCUITest, bootstrapPath: /usr/local/.browserstack/co..., browserName: , browserstack.isTargetBased: true, bundleID: com.tatadigital.tcp.dev, bundleId: com.tatadigital.tcp.dev, databaseEnabled: false, deviceName: iphone, deviceOrientation: PORTRAIT, javascriptEnabled: true, keychainPassword: [REDACTED VALUE], keychainPath: [REDACTED VALUE], locationContextEnabled: false, networkConnectionEnabled: false, newCommandTimeout: 0, noReset: true, orientation: PORTRAIT, platform: MAC, platformName: iOS, realMobile: true, safariIgnoreFraudWarning: true, safariInitialUrl: http://mobile-internet-chec..., takesScreenshot: true, udid: 00008101-000E5D3A3AC2001E, useXctestrunFile: true, waitForQuiescence: false, wdaStartupRetries: 3, webStorageEnabled: false, webkitResponseTimeout: 20000}&#10;Session ID: 27933b80e5c588a7e42e1d93fe261fcbd5c424b9&#10;*** Element info: {Using=xpath, value=(//span[@class=&apos;header-pincode-edit pincode-s-edit pincode-pencil-icon&apos;])[2]}" type="org.openqa.selenium.NoSuchElementException">org.openqa.selenium.NoSuchElementException: 
An element could not be located on the page using the given search parameters.
For documentation on this error, please visit: https://www.seleniumhq.org/exceptions/no_such_element.html
Build info: version: '3.141.59', revision: 'e82be7d358', time: '2018-11-14T08:17:03'
System info: host: 'PratikThakur-FVFGWNTAQ05D', ip: '2405:201:41:381d:b017:13df:bf3f:3a53%en0', os.name: 'Mac OS X', os.arch: 'aarch64', os.version: '13.1', java.version: '18.0.2'
Driver info: io.appium.java_client.ios.IOSDriver
Capabilities {automationName: XCUITest, bootstrapPath: /usr/local/.browserstack/co..., browserName: , browserstack.isTargetBased: true, bundleID: com.tatadigital.tcp.dev, bundleId: com.tatadigital.tcp.dev, databaseEnabled: false, deviceName: iphone, deviceOrientation: PORTRAIT, javascriptEnabled: true, keychainPassword: [REDACTED VALUE], keychainPath: [REDACTED VALUE], locationContextEnabled: false, networkConnectionEnabled: false, newCommandTimeout: 0, noReset: true, orientation: PORTRAIT, platform: MAC, platformName: iOS, realMobile: true, safariIgnoreFraudWarning: true, safariInitialUrl: http://mobile-internet-chec..., takesScreenshot: true, udid: 00008101-000E5D3A3AC2001E, useXctestrunFile: true, waitForQuiescence: false, wdaStartupRetries: 3, webStorageEnabled: false, webkitResponseTimeout: 20000}
Session ID: 27933b80e5c588a7e42e1d93fe261fcbd5c424b9
*** Element info: {Using=xpath, value=(//span[@class='header-pincode-edit pincode-s-edit pincode-pencil-icon'])[2]}
	at com.browserstack.run_parallel_test.ParallelTest.test(ParallelTest.java:80)
</failure>
    <system-err><![CDATA[Feb 15, 2023 2:01:27 PM io.appium.java_client.remote.AppiumCommandExecutor$1 lambda$0
INFO: Detected dialect: W3C
]]></system-err>
  </testcase>
  <testcase name="tearDown" classname="com.browserstack.run_parallel_test.ParallelTest" time="0.001">
    <failure message="Cannot invoke &quot;io.appium.java_client.ios.IOSDriver.quit()&quot; because &quot;this.driver&quot; is null" type="java.lang.NullPointerException">java.lang.NullPointerException: Cannot invoke "io.appium.java_client.ios.IOSDriver.quit()" because "this.driver" is null
</failure>
  </testcase>
</testsuite>